method:POST state:400 url:/auth response-time: 424.074 ms http-version: HTTP/1.1" content-length:49  address:::1 date_web:[Sun, 21 Apr 2024 15:33:55 GMT]  
method:POST state:200 url:/auth response-time: 2237.639 ms http-version: HTTP/1.1" content-length:861  address:::1 date_web:[Sun, 21 Apr 2024 15:34:22 GMT]  
method:GET state:200 url:/auth response-time: 19.258 ms http-version: HTTP/1.1" content-length:53  address:::1 date_web:[Sun, 21 Apr 2024 15:34:33 GMT]  
method:POST state:200 url:/auth response-time: 938.856 ms http-version: HTTP/1.1" content-length:861  address:::1 date_web:[Sun, 21 Apr 2024 15:34:39 GMT]  
method:GET state:400 url:/auth response-time: 4.707 ms http-version: HTTP/1.1" content-length:43  address:::1 date_web:[Sun, 21 Apr 2024 15:34:42 GMT]  
method:POST state:200 url:/auth response-time: 1336.617 ms http-version: HTTP/1.1" content-length:861  address:::1 date_web:[Sun, 21 Apr 2024 15:34:51 GMT]  
method:GET state:400 url:/auth response-time: 4.255 ms http-version: HTTP/1.1" content-length:43  address:::1 date_web:[Sun, 21 Apr 2024 15:35:00 GMT]  
method:POST state:200 url:/auth response-time: 855.036 ms http-version: HTTP/1.1" content-length:861  address:::1 date_web:[Sun, 21 Apr 2024 15:35:11 GMT]  
method:GET state:400 url:/auth response-time: 5.953 ms http-version: HTTP/1.1" content-length:43  address:::1 date_web:[Sun, 21 Apr 2024 15:35:35 GMT]  
method:POST state:200 url:/auth response-time: 1370.412 ms http-version: HTTP/1.1" content-length:861  address:::1 date_web:[Sun, 21 Apr 2024 15:38:45 GMT]  
method:GET state:200 url:/auth response-time: 20.966 ms http-version: HTTP/1.1" content-length:53  address:::1 date_web:[Sun, 21 Apr 2024 15:38:47 GMT]  
method:POST state:200 url:/auth response-time: 704.080 ms http-version: HTTP/1.1" content-length:861  address:::1 date_web:[Sun, 21 Apr 2024 15:38:52 GMT]  
method:GET state:200 url:/auth response-time: 9.975 ms http-version: HTTP/1.1" content-length:53  address:::1 date_web:[Sun, 21 Apr 2024 15:38:55 GMT]  
method:POST state:400 url:/auth response-time: 1104.078 ms http-version: HTTP/1.1" content-length:49  address:::1 date_web:[Sun, 21 Apr 2024 15:59:03 GMT]  
method:POST state:200 url:/auth response-time: 4007.738 ms http-version: HTTP/1.1" content-length:861  address:::1 date_web:[Sun, 21 Apr 2024 15:59:16 GMT]  
method:POST state:400 url:/admin/users response-time: 957.713 ms http-version: HTTP/1.1" content-length:60  address:::1 date_web:[Sun, 21 Apr 2024 16:04:08 GMT]  
method:GET state:200 url:/admin/users response-time: 166.158 ms http-version: HTTP/1.1" content-length:184  address:::1 date_web:[Sun, 21 Apr 2024 16:07:05 GMT]  
method:POST state:200 url:/auth/ response-time: 1309.660 ms http-version: HTTP/1.1" content-length:861  address:::ffff:127.0.0.1 date_web:[Sun, 21 Apr 2024 16:12:03 GMT]  
method:GET state:404 url:/api-doc response-time: 16.466 ms http-version: HTTP/1.1" content-length:52  address:::ffff:127.0.0.1 date_web:[Sat, 20 Apr 2024 13:53:30 GMT]  
method:GET state:404 url:/favicon.ico response-time: 3.988 ms http-version: HTTP/1.1" content-length:52  address:::ffff:127.0.0.1 date_web:[Sat, 20 Apr 2024 13:53:31 GMT]  
